<?xml version="1.0" encoding="UTF-8"?>
<testng-results ignored="0" total="1" passed="1" failed="0" skipped="0">
  <reporter-output>
  </reporter-output>
  <suite started-at="2021-09-05T15:02:26 IST" name="Default suite" finished-at="2021-09-05T15:02:34 IST" duration-ms="7667">
    <groups>
    </groups>
    <test started-at="2021-09-05T15:02:26 IST" name="Default test" finished-at="2021-09-05T15:02:34 IST" duration-ms="7667">
      <class name="com.onlinetest.test.LoginTest">
        <test-method is-config="true" signature="beforeTest()[pri:0, instance:com.onlinetest.test.LoginTest@52719fb6]" started-at="2021-09-05T15:02:26 IST" name="beforeTest" finished-at="2021-09-05T15:02:30 IST" duration-ms="3550" status="PASS">
          <reporter-output>
          </reporter-output>
        </test-method> <!-- beforeTest -->
        <test-method signature="f()[pri:0, instance:com.onlinetest.test.LoginTest@52719fb6]" started-at="2021-09-05T15:02:30 IST" name="f" finished-at="2021-09-05T15:02:33 IST" duration-ms="3176" status="PASS">
          <reporter-output>
          </reporter-output>
        </test-method> <!-- f -->
        <test-method is-config="true" signature="afterTest()[pri:0, instance:com.onlinetest.test.LoginTest@52719fb6]" started-at="2021-09-05T15:02:33 IST" name="afterTest" finished-at="2021-09-05T15:02:34 IST" duration-ms="872" status="PASS">
          <reporter-output>
          </reporter-output>
        </test-method> <!-- afterTest -->
      </class> <!-- com.onlinetest.test.LoginTest -->
    </test> <!-- Default test -->
  </suite> <!-- Default suite -->
</testng-results>
